Date-Time : 2020-10-10 16:58:43,363 : Line No. : 40 - FIX- 34356 - WARNING - test mensaje warning
Date-Time : 2020-10-10 16:58:43,363 : Line No. : 41 - FIX- 34356 - CRITICAL - test mensaje critical
Date-Time : 2020-10-10 16:58:43,457 : Line No. : 55 - FIX- 34356 - WARNING - onCreate session OK, sessionID >> (FIXT.1.1:pjseoane232->ROFX)
Date-Time : 2020-10-10 16:58:43,475 : Line No. : 87 - FIX- 34356 - WARNING - toAdmin ->Logon>> (8=FIXT.1.1|9=83|35=A|34=1|49=pjseoane232|52=20201010-19:58:43.000|56=ROFX|98=0|108=30|141=Y|1137=9|10=222|)
Date-Time : 2020-10-10 16:58:44,103 : Line No. : 112 - FIX- 34356 - WARNING - Log OK <- fromAdmin (8=FIXT.1.1|9=83|35=A|34=1|49=ROFX|52=20201010-19:58:44.039|56=pjseoane232|98=0|108=30|141=Y|1137=9|10=235|)
Date-Time : 2020-10-10 16:58:44,103 : Line No. : 62 - FIX- 34356 - CRITICAL - Logged OK, sessionID >> (FIXT.1.1:pjseoane232->ROFX)
Date-Time : 2020-10-10 16:58:44,104 : Line No. : 134 - FIX- 34356 - WARNING - toApp -> >> (8=FIXT.1.1|9=88|35=x|34=2|49=pjseoane232|52=20201010-19:58:44.000|56=ROFX|1128=9|320=ListRequest1|559=4|10=116|)
Date-Time : 2020-10-10 16:58:44,104 : Line No. : 518 - FIX- 34356 - WARNING - --> Suscribe Ticker >> (RFX20Dic20)
Date-Time : 2020-10-10 16:58:44,105 : Line No. : 518 - FIX- 34356 - WARNING - --> Suscribe Ticker >> (DODic20)
Date-Time : 2020-10-10 16:58:44,105 : Line No. : 518 - FIX- 34356 - WARNING - --> Suscribe Ticker >> (DOOct20)
Date-Time : 2020-10-10 16:58:44,105 : Line No. : 134 - FIX- 34356 - WARNING - toApp -> >> (8=FIXT.1.1|9=215|35=V|34=3|49=pjseoane232|52=20201010-19:58:44.000|56=ROFX|1128=9|146=3|55=RFX20Dic20|55=DODic20|55=DOOct20|262=ListaMktData|263=1|264=1|265=0|266=Y|267=10|269=0|269=1|269=2|269=4|269=5|269=6|269=7|269=8|269=B|269=C|10=175|)
Date-Time : 2020-10-10 16:58:44,105 : Line No. : 68 - FIX- 34356 - CRITICAL - onLogon, securitiesList Requested..., sessionID >> (FIXT.1.1:pjseoane232->ROFX)
Date-Time : 2020-10-10 16:58:44,290 : Line No. : 164 - FIX- 34356 - WARNING - MD <-- fromApp >> (8=FIXT.1.1|9=348|35=W|34=2|49=ROFX|52=20201010-19:58:44.259|56=pjseoane232|55=RFX20Dic20|207=ROFX|262=ListaMktData|264=1|268=10|269=0|290=0|269=1|270=65800|271=2|290=1|269=2|270=65800|271=1|272=20201010|273=17:42:09.895|277=U|288=*|289=*|7201=1|269=4|270=65800|269=5|270=56000|272=20201008|269=6|270=64700|269=7|270=65800|269=8|270=65800|269=B|271=15|269=C|271=204|10=049|) 
Date-Time : 2020-10-10 16:58:44,290 : Line No. : 591 - FIX- 34356 - CRITICAL - goRobot: >> (FIXT.1.1:pjseoane232->ROFX)
Date-Time : 2020-10-10 16:58:44,896 : Line No. : 164 - FIX- 34356 - WARNING - MD <-- fromApp >> (8=FIXT.1.1|9=177|35=W|34=9|49=ROFX|52=20201010-19:58:44.281|56=pjseoane232|55=DODic20|207=ROFX|262=ListaMktData|264=1|268=5|269=0|290=0|269=1|290=0|269=6|270=85.510|269=B|271=0|269=C|271=436204|10=179|) 
Date-Time : 2020-10-10 16:58:44,897 : Line No. : 591 - FIX- 34356 - CRITICAL - goRobot: >> (FIXT.1.1:pjseoane232->ROFX)
Date-Time : 2020-10-10 16:58:44,897 : Line No. : 164 - FIX- 34356 - WARNING - MD <-- fromApp >> (8=FIXT.1.1|9=234|35=W|34=10|49=ROFX|52=20201010-19:58:44.281|56=pjseoane232|55=DOOct20|207=ROFX|262=ListaMktData|264=1|268=6|269=0|290=0|269=1|290=0|269=5|270=80.000|272=20201008|269=6|270=78.740|272=20200401|269=B|271=0|269=C|271=747087|272=20200401|10=060|) 
Date-Time : 2020-10-10 16:58:44,897 : Line No. : 591 - FIX- 34356 - CRITICAL - goRobot: >> (FIXT.1.1:pjseoane232->ROFX)
Date-Time : 2020-10-10 16:59:01,476 : Line No. : 93 - FIX- 34356 - WARNING - Log OUT -> toAdmin>> (8=FIXT.1.1|9=58|35=5|34=4|49=pjseoane232|52=20201010-19:59:01.000|56=ROFX|10=073|)
Date-Time : 2020-10-10 16:59:01,662 : Line No. : 115 - FIX- 34356 - WARNING - Log OUT <- fromAdmin (8=FIXT.1.1|9=66|35=5|34=18|49=ROFX|52=20201010-19:59:01.624|56=pjseoane232|1128=9|10=204|)
Date-Time : 2020-10-10 16:59:01,665 : Line No. : 74 - FIX- 34356 - CRITICAL - onLogout OK, bye Rofex >> (FIXT.1.1:pjseoane232->ROFX)
